*********************************************************************************************************
****ESTA SIMULACIÓN CONCLUYE ANTES DE FINALIZAR EL CAMPEONATO CON TODOS LOS PILOTOS DESCALIFICADOS****
*********************************************************************************************************

||||||||||||||||||||||||||||||||||||||||||||||||||||||||||||||||
||||||||||||||||||| CIRCUITOS DEL CAMPEONATO |||||||||||||||||||
||||||||||||||||||||||||||||||||||||||||||||||||||||||||||||||||
||||||||||||||||||||||||||||||||||||||||||||||||||||||||||||||||
%%%%%%%%%%%%%%%%%%%%%%%%%%%%%%%%%%%%%%%%%%%
%%%%%%%% ESCUDERÍAS DEL CAMPEONATO %%%%%%%%
%%%%%%%%%%%%%%%%%%%%%%%%%%%%%%%%%%%%%%%%%%%
%%%%%%%%%%%%%%%%%%%%%%%%%%%%%%%%%%%%%%%%%%%%%%%%%%%%%%%%%%%%%%%%%%%%%%%%%%%%%%%%%%%%%%%%%%%%%%%%%%%%%%%%%
%%%PEUGEOT%%%
<piloto:Sainz> <tipo:PilotoEstrella> <dest:1.0> <conc:ZEN(120.0)> <descalificado:false>
<piloto:Kankunnen> <tipo:PilotoExperimentado> <dest:0.9> <conc:CONCENTRADO(110.0)> <descalificado:false>
<piloto:Sordo> <tipo:PilotoNovato> <dest:0.7> <conc:DESPISTADO(90.0)> <descalificado:false>
<coche: Peugeot 2008> <tipo:CocheProyecto> <vel_teó: NORMAL(220.0)> <comb: ESCASO(350.0)(actual: 350.0)>
<coche: Peugeot 3008> <tipo:CocheRapidoProyecto> <vel_teó: GUEPARDO(240.0)> <comb: NORMAL(440.0)(actual: 440.0)> <nitroPendiente: 80.0>
<coche: Peugeot 5008> <tipo:CocheResistenteProyecto> <vel_teó: LENTA(210.0)> <comb: GENEROSO(460.0)(actual: 460.0)> <reserva: 100.0>

%%%%%%%%%%%%%%%%%%%%%%%%%%%%%%%%%%%%%%%%%%%%%%%%%%%%%%%%%%%%%%%%%%%%%%%%%%%%%%%%%%%%%%%%%%%%%%%%%%%%%%%%%
%%%%%%%%%%%%%%%%%%%%%%%%%%%%%%%%%%%%%%%%%%%%%%%%%%%%%%%%%%%%%%%%%%%%%%%%%%%%%%%%%%%%%%%%%%%%%%%%%%%%%%%%%
%%%CITROEN%%%
<piloto:Auriol> <tipo:PilotoNovato> <dest:0.78> <conc:NORMAL(100.0)> <descalificado:false>
<piloto:Loeb> <tipo:PilotoExperimentado> <dest:0.82> <conc:NORMAL(100.0)> <descalificado:false>
<piloto:Makinen> <tipo:PilotoEstrella> <dest:1.0> <conc:ZEN(120.0)> <descalificado:false>
<coche: Citröen C3> <tipo:CocheProyecto> <vel_teó: RAPIDA(230.0)> <comb: ESCASO(350.0)(actual: 350.0)>
<coche: Citröen C4> <tipo:CocheRapidoProyecto> <vel_teó: RAPIDA(230.0)> <comb: ESCASO(350.0)(actual: 350.0)> <nitroPendiente: 80.0>
<coche: Citröen C5> <tipo:CocheResistenteProyecto> <vel_teó: RAPIDA(230.0)> <comb: ELEFANTE(480.0)(actual: 480.0)> <reserva: 100.0>

%%%%%%%%%%%%%%%%%%%%%%%%%%%%%%%%%%%%%%%%%%%%%%%%%%%%%%%%%%%%%%%%%%%%%%%%%%%%%%%%%%%%%%%%%%%%%%%%%%%%%%%%%
%%%%%%%%%%%%%%%%%%%%%%%%%%%%%%%%%%%%%%%%%%%%%%%%%%%%%%%%%%%%%%%%%%%%%%%%%%%%%%%%%%%%%%%%%%%%%%%%%%%%%%%%%
%%%SEAT%%%
<piloto:McRae> <tipo:PilotoEstrella> <dest:0.93> <conc:CONCENTRADO(110.0)> <descalificado:false>
<piloto:Ogier> <tipo:PilotoExperimentado> <dest:0.82> <conc:NORMAL(100.0)> <descalificado:false>
<piloto:Blomquist> <tipo:PilotoNovato> <dest:0.7> <conc:DESPISTADO(90.0)> <descalificado:false>
<coche: Seat Arona> <tipo:CocheProyecto> <vel_teó: RAPIDA(230.0)> <comb: ESCASO(350.0)(actual: 350.0)>
<coche: Seat Ateca> <tipo:CocheRapidoProyecto> <vel_teó: GUEPARDO(240.0)> <comb: GENEROSO(460.0)(actual: 460.0)> <nitroPendiente: 80.0>
<coche: Seat Tarraco> <tipo:CocheResistenteProyecto> <vel_teó: TORTUGA(200.0)> <comb: GENEROSO(460.0)(actual: 460.0)> <reserva: 100.0>

%%%%%%%%%%%%%%%%%%%%%%%%%%%%%%%%%%%%%%%%%%%%%%%%%%%%%%%%%%%%%%%%%%%%%%%%%%%%%%%%%%%%%%%%%%%%%%%%%%%%%%%%%
********************************************************************************************************
*** CARRERA<1> EN<circuito:Australia> <cond:CircuitoGravillaProyecto > <comp: BAJA(:1.0)(actual:1.05)> <dist: LARGA(:300.0)(actual:285.0)>***
********************************************************************************************************
********************************************************************************************************
******************************** Pilotos que van a competir en Australia*******************************
**********************************************************************************************************
<piloto:Auriol> <tipo:PilotoNovato> <dest:0.78> <conc:NORMAL(100.0)> <descalificado:false>
<piloto:Blomquist> <tipo:PilotoNovato> <dest:0.7> <conc:DESPISTADO(90.0)> <descalificado:false>
<piloto:Kankunnen> <tipo:PilotoExperimentado> <dest:0.9> <conc:CONCENTRADO(110.0)> <descalificado:false>
<piloto:Loeb> <tipo:PilotoExperimentado> <dest:0.82> <conc:NORMAL(100.0)> <descalificado:false>
<piloto:Makinen> <tipo:PilotoEstrella> <dest:1.0> <conc:ZEN(120.0)> <descalificado:false>
<piloto:McRae> <tipo:PilotoEstrella> <dest:0.93> <conc:CONCENTRADO(110.0)> <descalificado:false>
<piloto:Ogier> <tipo:PilotoExperimentado> <dest:0.82> <conc:NORMAL(100.0)> <descalificado:false>
<piloto:Sainz> <tipo:PilotoEstrella> <dest:1.0> <conc:ZEN(120.0)> <descalificado:false>
<piloto:Sordo> <tipo:PilotoNovato> <dest:0.7> <conc:DESPISTADO(90.0)> <descalificado:false>
++++++++++++++++++++++++++++++++++++++++++++++++++++++++++++++++++++++++++++++++++++
+++++++++++++++++++++++++ Comienza la carrera en Australia++++++++++++++++++++++++++
++++++++++++++++++++++++++++++++++++++++++++++++++++++++++++++++++++++++++++++++++++
@@@ Piloto 1 de 9
<piloto:Auriol> <tipo:PilotoNovato> <dest:0.78> <conc:NORMAL(100.0)> <descalificado:false> con <coche: Citröen C3> <tipo:CocheProyecto> <vel_teó: RAPIDA(230.0)> <comb: ESCASO(350.0)(actual: 350.0)>
Con estas condiciones es capaz de correr a 170.86km/h
¡¡¡ Auriol perdió la concentración a falta de 0.08 minutos para terminar !!! 
¡¡¡ En el momento del despiste llevaba en carrera 100.0 minutos !!! 
+++ El combustible del Citröen C3 tras la carrera es 250.0 +++ 
@@@ 
¡¡¡ Auriol DESCALIFICADO del campeonato por alcanzar el límite de abandonos(1) !!!
@@@ Piloto 2 de 9
<piloto:Blomquist> <tipo:PilotoNovato> <dest:0.7> <conc:DESPISTADO(90.0)> <descalificado:false> con <coche: Seat Tarraco> <tipo:CocheResistenteProyecto> <vel_teó: TORTUGA(200.0)> <comb: GENEROSO(460.0)(actual: 460.0)> <reserva: 100.0>
Con estas condiciones es capaz de correr a 133.33km/h
¡¡¡ Blomquist perdió la concentración a falta de 38.25 minutos para terminar !!! 
¡¡¡ En el momento del despiste llevaba en carrera 90.0 minutos !!! 
+++ El combustible del Seat Tarraco tras la carrera es 370.0 +++ 
@@@ 
¡¡¡ Blomquist DESCALIFICADO del campeonato por alcanzar el límite de abandonos(1) !!!
@@@ Piloto 3 de 9
<piloto:Kankunnen> <tipo:PilotoExperimentado> <dest:0.9> <conc:CONCENTRADO(110.0)> <descalificado:false> con <coche: Peugeot 3008> <tipo:CocheRapidoProyecto> <vel_teó: GUEPARDO(240.0)> <comb: NORMAL(440.0)(actual: 440.0)> <nitroPendiente: 80.0>
Con estas condiciones es capaz de correr a 205.71km/h
+++Peugeot 3008 usa 41.14 de nitro para alcanzar 246.85 km/hora y el nitro restante es 38.86+++
+++ Kankunnen termina la carrera en 69.27minutos +++ 
+++ El combustible del Peugeot 3008 tras la carrera es 370.73 +++ 
@@@ 
@@@ Piloto 4 de 9
<piloto:Loeb> <tipo:PilotoExperimentado> <dest:0.82> <conc:NORMAL(100.0)> <descalificado:false> con <coche: Citröen C4> <tipo:CocheRapidoProyecto> <vel_teó: RAPIDA(230.0)> <comb: ESCASO(350.0)(actual: 350.0)> <nitroPendiente: 80.0>
Con estas condiciones es capaz de correr a 179.62km/h
+++Citröen C4 usa 35.92 de nitro para alcanzar 215.54 km/hora y el nitro restante es 44.08+++
+++ Loeb termina la carrera en 79.34minutos +++ 
+++ El combustible del Citröen C4 tras la carrera es 270.66 +++ 
@@@ 
@@@ Piloto 5 de 9
<piloto:Makinen> <tipo:PilotoEstrella> <dest:1.0> <conc:ZEN(120.0)> <descalificado:false> con <coche: Citröen C5> <tipo:CocheResistenteProyecto> <vel_teó: RAPIDA(230.0)> <comb: ELEFANTE(480.0)(actual: 480.0)> <reserva: 100.0>
Con estas condiciones es capaz de correr a 219.05km/h
+++ Makinen termina la carrera en 78.06minutos +++ 
+++ El combustible del Citröen C5 tras la carrera es 401.94 +++ 
@@@ 
@@@ Piloto 6 de 9
<piloto:McRae> <tipo:PilotoEstrella> <dest:0.93> <conc:CONCENTRADO(110.0)> <descalificado:false> con <coche: Seat Arona> <tipo:CocheProyecto> <vel_teó: RAPIDA(230.0)> <comb: ESCASO(350.0)(actual: 350.0)>
Con estas condiciones es capaz de correr a 203.71km/h
+++ McRae termina la carrera en 83.94minutos +++ 
+++ El combustible del Seat Arona tras la carrera es 266.06 +++ 
@@@ 
@@@ Piloto 7 de 9
<piloto:Ogier> <tipo:PilotoExperimentado> <dest:0.82> <conc:NORMAL(100.0)> <descalificado:false> con <coche: Seat Ateca> <tipo:CocheRapidoProyecto> <vel_teó: GUEPARDO(240.0)> <comb: GENEROSO(460.0)(actual: 460.0)> <nitroPendiente: 80.0>
Con estas condiciones es capaz de correr a 187.43km/h
+++Seat Ateca usa 37.49 de nitro para alcanzar 224.92 km/hora y el nitro restante es 42.51+++
+++ Ogier termina la carrera en 76.03minutos +++ 
+++ El combustible del Seat Ateca tras la carrera es 383.97 +++ 
@@@ 
@@@ Piloto 8 de 9
<piloto:Sainz> <tipo:PilotoEstrella> <dest:1.0> <conc:ZEN(120.0)> <descalificado:false> con <coche: Peugeot 2008> <tipo:CocheProyecto> <vel_teó: NORMAL(220.0)> <comb: ESCASO(350.0)(actual: 350.0)>
Con estas condiciones es capaz de correr a 209.52km/h
+++ Sainz termina la carrera en 81.62minutos +++ 
+++ El combustible del Peugeot 2008 tras la carrera es 268.38 +++ 
@@@ 
@@@ Piloto 9 de 9
<piloto:Sordo> <tipo:PilotoNovato> <dest:0.7> <conc:DESPISTADO(90.0)> <descalificado:false> con <coche: Peugeot 5008> <tipo:CocheResistenteProyecto> <vel_teó: LENTA(210.0)> <comb: GENEROSO(460.0)(actual: 460.0)> <reserva: 100.0>
Con estas condiciones es capaz de correr a 140.0km/h
¡¡¡ Sordo perdió la concentración a falta de 32.14 minutos para terminar !!! 
¡¡¡ En el momento del despiste llevaba en carrera 90.0 minutos !!! 
+++ El combustible del Peugeot 5008 tras la carrera es 370.0 +++ 
@@@ 
¡¡¡ Sordo DESCALIFICADO del campeonato por alcanzar el límite de abandonos(1) !!!
++++++++++++++++++++++++++++++++++++++++++++++++++++++++++++++++++++++++++++++++++++
+++++++++++++++++ Clasificación final de la carrera en Australia+++++++++++++++++++
++++++++++++++++++++++++++++++++++++++++++++++++++++++++++++++++++++++++++++++++++++
@@@ Posición(1): Kankunnen Tiempo: 69.27 - Puntos: 10.0 @@@
@@@ Posición(2): Ogier Tiempo: 76.03 - Puntos: 8.0 @@@
@@@ Posición(3): Makinen Tiempo: 78.06 - Puntos: 6.0 @@@
@@@ Posición(4): Loeb Tiempo: 79.34 - Puntos: 4.0 @@@
@@@ Posición(5): Sainz Tiempo: 81.62 - Puntos: 2.0 @@@
@@@ Posición(6): McRae Tiempo: 83.94 - Puntos: 0.0 @@@
¡¡¡ Ha abandonado Blomquist Tiempo: -38.25 - Puntos: 0.0
 - Además ha sido descalificado para el resto del Campeonato !!!
¡¡¡ Ha abandonado Sordo Tiempo: -32.14 - Puntos: 0.0
 - Además ha sido descalificado para el resto del Campeonato !!!
¡¡¡ Ha abandonado Auriol Tiempo: -0.08 - Puntos: 0.0
 - Además ha sido descalificado para el resto del Campeonato !!!
********************************************************************************************************
*** CARRERA<2> EN<circuito:Chile> <cond:CircuitoGravillaProyecto > <comp: ALTA(:1.5)(actual:1.58)> <dist: CORTA(:250.0)(actual:237.5)>***
********************************************************************************************************
********************************************************************************************************
******************************** Pilotos que van a competir en Chile*******************************
**********************************************************************************************************
<piloto:McRae> <tipo:PilotoEstrella> <dest:0.93> <conc:CONCENTRADO(110.0)> <descalificado:false>
<piloto:Sainz> <tipo:PilotoEstrella> <dest:1.0> <conc:ZEN(120.0)> <descalificado:false>
<piloto:Loeb> <tipo:PilotoExperimentado> <dest:0.82> <conc:NORMAL(100.0)> <descalificado:false>
<piloto:Makinen> <tipo:PilotoEstrella> <dest:1.0> <conc:ZEN(120.0)> <descalificado:false>
<piloto:Ogier> <tipo:PilotoExperimentado> <dest:0.82> <conc:NORMAL(100.0)> <descalificado:false>
<piloto:Kankunnen> <tipo:PilotoExperimentado> <dest:0.9> <conc:CONCENTRADO(110.0)> <descalificado:false>
++++++++++++++++++++++++++++++++++++++++++++++++++++++++++++++++++++++++++++++++++++
+++++++++++++++++++++++++ Comienza la carrera en Chile++++++++++++++++++++++++++
++++++++++++++++++++++++++++++++++++++++++++++++++++++++++++++++++++++++++++++++++++
@@@ Piloto 1 de 6
<piloto:McRae> <tipo:PilotoEstrella> <dest:0.93> <conc:CONCENTRADO(110.0)> <descalificado:false> con <coche: Seat Tarraco> <tipo:CocheResistenteProyecto> <vel_teó: TORTUGA(200.0)> <comb: GENEROSO(460.0)(actual: 370.0)> <reserva: 100.0>
Con estas condiciones es capaz de correr a 117.72km/h
¡¡¡ McRae perdió la concentración a falta de 11.05 minutos para terminar !!! 
¡¡¡ En el momento del despiste llevaba en carrera 110.0 minutos !!! 
+++ El combustible del Seat Tarraco tras la carrera es 260.0 +++ 
@@@ 
¡¡¡ McRae DESCALIFICADO del campeonato por alcanzar el límite de abandonos(1) !!!
@@@ Piloto 2 de 6
<piloto:Sainz> <tipo:PilotoEstrella> <dest:1.0> <conc:ZEN(120.0)> <descalificado:false> con <coche: Peugeot 5008> <tipo:CocheResistenteProyecto> <vel_teó: LENTA(210.0)> <comb: GENEROSO(460.0)(actual: 370.0)> <reserva: 100.0>
Con estas condiciones es capaz de correr a 132.91km/h
+++ Sainz termina la carrera en 107.22minutos +++ 
+++ El combustible del Peugeot 5008 tras la carrera es 262.78 +++ 
@@@ 
@@@ Piloto 3 de 6
<piloto:Loeb> <tipo:PilotoExperimentado> <dest:0.82> <conc:NORMAL(100.0)> <descalificado:false> con <coche: Citröen C3> <tipo:CocheProyecto> <vel_teó: RAPIDA(230.0)> <comb: ESCASO(350.0)(actual: 250.0)>
Con estas condiciones es capaz de correr a 119.37km/h
¡¡¡ Loeb perdió la concentración a falta de 19.38 minutos para terminar !!! 
¡¡¡ En el momento del despiste llevaba en carrera 100.0 minutos !!! 
+++ El combustible del Citröen C3 tras la carrera es 150.0 +++ 
@@@ 
¡¡¡ Loeb DESCALIFICADO del campeonato por alcanzar el límite de abandonos(1) !!!
@@@ Piloto 4 de 6
<piloto:Makinen> <tipo:PilotoEstrella> <dest:1.0> <conc:ZEN(120.0)> <descalificado:false> con <coche: Citröen C4> <tipo:CocheRapidoProyecto> <vel_teó: RAPIDA(230.0)> <comb: ESCASO(350.0)(actual: 270.66)> <nitroPendiente: 44.08>
Con estas condiciones es capaz de correr a 145.57km/h
+++Citröen C4 usa 29.11 de nitro para alcanzar 174.68 km/hora y el nitro restante es 14.97+++
+++ Makinen termina la carrera en 81.58minutos +++ 
+++ El combustible del Citröen C4 tras la carrera es 189.08 +++ 
@@@ 
@@@ Piloto 5 de 6
<piloto:Ogier> <tipo:PilotoExperimentado> <dest:0.82> <conc:NORMAL(100.0)> <descalificado:false> con <coche: Seat Arona> <tipo:CocheProyecto> <vel_teó: RAPIDA(230.0)> <comb: ESCASO(350.0)(actual: 266.06)>
Con estas condiciones es capaz de correr a 119.37km/h
¡¡¡ Ogier perdió la concentración a falta de 19.38 minutos para terminar !!! 
¡¡¡ En el momento del despiste llevaba en carrera 100.0 minutos !!! 
+++ El combustible del Seat Arona tras la carrera es 166.06 +++ 
@@@ 
¡¡¡ Ogier DESCALIFICADO del campeonato por alcanzar el límite de abandonos(1) !!!
@@@ Piloto 6 de 6
<piloto:Kankunnen> <tipo:PilotoExperimentado> <dest:0.9> <conc:CONCENTRADO(110.0)> <descalificado:false> con <coche: Peugeot 2008> <tipo:CocheProyecto> <vel_teó: NORMAL(220.0)> <comb: ESCASO(350.0)(actual: 268.38)>
Con estas condiciones es capaz de correr a 125.32km/h
¡¡¡ Kankunnen perdió la concentración a falta de 3.71 minutos para terminar !!! 
¡¡¡ En el momento del despiste llevaba en carrera 110.0 minutos !!! 
+++ El combustible del Peugeot 2008 tras la carrera es 158.38 +++ 
@@@ 
¡¡¡ Kankunnen DESCALIFICADO del campeonato por alcanzar el límite de abandonos(1) !!!
++++++++++++++++++++++++++++++++++++++++++++++++++++++++++++++++++++++++++++++++++++
+++++++++++++++++ Clasificación final de la carrera en Chile+++++++++++++++++++
++++++++++++++++++++++++++++++++++++++++++++++++++++++++++++++++++++++++++++++++++++
@@@ Posición(1): Makinen Tiempo: 81.58 - Puntos: 10.0 @@@
@@@ Posición(2): Sainz Tiempo: 107.22 - Puntos: 8.0 @@@
¡¡¡ Ha abandonado Loeb Tiempo: -19.38 - Puntos: 0.0
 - Además ha sido descalificado para el resto del Campeonato !!!
¡¡¡ Ha abandonado Ogier Tiempo: -19.38 - Puntos: 0.0
 - Además ha sido descalificado para el resto del Campeonato !!!
¡¡¡ Ha abandonado McRae Tiempo: -11.05 - Puntos: 0.0
 - Además ha sido descalificado para el resto del Campeonato !!!
¡¡¡ Ha abandonado Kankunnen Tiempo: -3.71 - Puntos: 0.0
 - Además ha sido descalificado para el resto del Campeonato !!!
********************************************************************************************************
*** CARRERA<3> EN<circuito:Alemania> <cond:CircuitoMojadoProyecto > <comp: MEDIA(:1.25)(actual:1.44)> <dist: INTERMEDIA(:275.0)(actual:233.75)>***
********************************************************************************************************
********************************************************************************************************
******************************** Pilotos que van a competir en Alemania*******************************
**********************************************************************************************************
<piloto:Sainz> <tipo:PilotoEstrella> <dest:1.0> <conc:ZEN(120.0)> <descalificado:false>
<piloto:Makinen> <tipo:PilotoEstrella> <dest:1.0> <conc:ZEN(120.0)> <descalificado:false>
++++++++++++++++++++++++++++++++++++++++++++++++++++++++++++++++++++++++++++++++++++
+++++++++++++++++++++++++ Comienza la carrera en Alemania++++++++++++++++++++++++++
++++++++++++++++++++++++++++++++++++++++++++++++++++++++++++++++++++++++++++++++++++
@@@ Piloto 1 de 2
<piloto:Sainz> <tipo:PilotoEstrella> <dest:1.0> <conc:ZEN(120.0)> <descalificado:false> con <coche: Peugeot 2008> <tipo:CocheProyecto> <vel_teó: NORMAL(220.0)> <comb: ESCASO(350.0)(actual: 158.38)>
Con estas condiciones es capaz de correr a 152.78km/h
+++ Sainz termina la carrera en 91.8minutos +++ 
+++ El combustible del Peugeot 2008 tras la carrera es 66.58 +++ 
@@@ 
@@@ Piloto 2 de 2
<piloto:Makinen> <tipo:PilotoEstrella> <dest:1.0> <conc:ZEN(120.0)> <descalificado:false> con <coche: Citröen C3> <tipo:CocheProyecto> <vel_teó: RAPIDA(230.0)> <comb: ESCASO(350.0)(actual: 150.0)>
Con estas condiciones es capaz de correr a 159.72km/h
+++ Makinen termina la carrera en 87.81minutos +++ 
+++ El combustible del Citröen C3 tras la carrera es 62.19 +++ 
@@@ 
++++++++++++++++++++++++++++++++++++++++++++++++++++++++++++++++++++++++++++++++++++
+++++++++++++++++ Clasificación final de la carrera en Alemania+++++++++++++++++++
++++++++++++++++++++++++++++++++++++++++++++++++++++++++++++++++++++++++++++++++++++
@@@ Posición(1): Makinen Tiempo: 87.81 - Puntos: 10.0 @@@
@@@ Posición(2): Sainz Tiempo: 91.8 - Puntos: 8.0 @@@
********************************************************************************************************
*** CARRERA<4> EN<circuito:Portugal> <cond:CircuitoGravillaProyecto CircuitoNocturnoProyecto > <comp: MEDIA(:1.25)(actual:1.57)> <dist: INTERMEDIA(:275.0)(actual:209.0)>***
********************************************************************************************************
********************************************************************************************************
******************************** Pilotos que van a competir en Portugal*******************************
**********************************************************************************************************
<piloto:Sainz> <tipo:PilotoEstrella> <dest:1.0> <conc:ZEN(120.0)> <descalificado:false>
<piloto:Makinen> <tipo:PilotoEstrella> <dest:1.0> <conc:ZEN(120.0)> <descalificado:false>
++++++++++++++++++++++++++++++++++++++++++++++++++++++++++++++++++++++++++++++++++++
+++++++++++++++++++++++++ Comienza la carrera en Portugal++++++++++++++++++++++++++
++++++++++++++++++++++++++++++++++++++++++++++++++++++++++++++++++++++++++++++++++++
@@@ Piloto 1 de 2
<piloto:Sainz> <tipo:PilotoEstrella> <dest:1.0> <conc:ZEN(120.0)> <descalificado:false> con <coche: Peugeot 2008> <tipo:CocheProyecto> <vel_teó: NORMAL(220.0)> <comb: ESCASO(350.0)(actual: 66.58)>
Con estas condiciones es capaz de correr a 140.13km/h
¡¡¡ El Peugeot 2008 se quedó sin combustible a falta de 22.91 minutos para terminar !!! 
¡¡¡ En el momento de quedarse sin combustible llevaba en carrera -22.02 minutos !!! 
+++ El combustible del Peugeot 2008 tras la carrera es -22.91 +++ 
@@@ 
¡¡¡ Sainz DESCALIFICADO del campeonato por alcanzar el límite de abandonos(1) !!!
@@@ Piloto 2 de 2
<piloto:Makinen> <tipo:PilotoEstrella> <dest:1.0> <conc:ZEN(120.0)> <descalificado:false> con <coche: Citröen C3> <tipo:CocheProyecto> <vel_teó: RAPIDA(230.0)> <comb: ESCASO(350.0)(actual: 62.19)>
Con estas condiciones es capaz de correr a 146.5km/h
¡¡¡ El Citröen C3 se quedó sin combustible a falta de 23.41 minutos para terminar !!! 
¡¡¡ En el momento de quedarse sin combustible llevaba en carrera -22.55 minutos !!! 
+++ El combustible del Citröen C3 tras la carrera es -23.41 +++ 
@@@ 
¡¡¡ Makinen DESCALIFICADO del campeonato por alcanzar el límite de abandonos(1) !!!
++++++++++++++++++++++++++++++++++++++++++++++++++++++++++++++++++++++++++++++++++++
+++++++++++++++++ Clasificación final de la carrera en Portugal+++++++++++++++++++
++++++++++++++++++++++++++++++++++++++++++++++++++++++++++++++++++++++++++++++++++++
¡¡¡ Ha abandonado Makinen Tiempo: -23.41 - Puntos: 0.0
 - Además ha sido descalificado para el resto del Campeonato !!!
¡¡¡ Ha abandonado Sainz Tiempo: -22.91 - Puntos: 0.0
 - Además ha sido descalificado para el resto del Campeonato !!!
********************************************************************************************************
*** CARRERA<5> EN<circuito:Córcega> <cond:CircuitoNocturnoProyecto CircuitoGravillaProyecto > <comp: MEDIA(:1.25)(actual:1.58)> <dist: INTERMEDIA(:275.0)(actual:209.0)>***
********************************************************************************************************

¡¡¡¡¡¡¡¡¡¡¡¡¡¡¡¡¡¡¡¡¡¡¡¡¡¡¡¡¡¡¡¡¡¡¡¡¡¡¡¡¡¡¡¡¡¡¡¡¡¡¡¡¡¡¡¡¡¡¡¡¡¡¡¡¡¡¡¡¡¡¡¡¡¡¡¡¡¡¡¡¡¡¡¡¡¡¡¡¡¡¡¡
¡¡¡ No se celebra esta carrera ni la(s) siguiente(s) por no haber pilotos para competir !!!!
!!!!!!!!!!!!!!!!!!!!!!!!!!!!!!!!!!!!!!!!!!!!!!!!!!!!!!!!!!!!!!!!!!!!!!!!!!!!!!!!!!!!!!!!!!!!

****************************************************
**************** FIN DEL CAMPEONATO ****************
****************************************************
********** CLASIFICACIÓN FINAL DE PILOTOS **********
****************************************************
¡¡¡¡¡¡¡¡¡¡¡¡¡¡¡¡¡¡¡¡¡¡¡¡¡¡¡¡¡¡¡¡¡¡¡¡¡¡¡¡¡¡¡¡¡¡¡¡¡¡¡¡¡¡¡¡¡¡¡¡¡¡¡¡¡¡¡¡¡¡¡¡¡¡¡¡¡¡¡¡¡¡¡¡¡¡¡¡¡¡¡¡
¡¡¡ Campeonato de pilotos queda desierto por haber sido descalificados todos los pilotos !!!
!!!!!!!!!!!!!!!!!!!!!!!!!!!!!!!!!!!!!!!!!!!!!!!!!!!!!!!!!!!!!!!!!!!!!!!!!!!!!!!!!!!!!!!!!!!!
****************************************************
************** PILOTOS DESCALIFICADOS *************
****************************************************
--- Piloto Descalificado: Makinen - Puntos Totales Anulados: 26.0 ---
Carrera(Australia) - Puntos:6.0 - Tiempo:78.06 minutos
Carrera(Chile) - Puntos:10.0 - Tiempo:81.58 minutos
Carrera(Alemania) - Puntos:10.0 - Tiempo:87.81 minutos
Carrera(Portugal) - Puntos:0.0 - Tiempo:-23.41 minutos

--- Piloto Descalificado: Sainz - Puntos Totales Anulados: 18.0 ---
Carrera(Australia) - Puntos:2.0 - Tiempo:81.62 minutos
Carrera(Chile) - Puntos:8.0 - Tiempo:107.22 minutos
Carrera(Alemania) - Puntos:8.0 - Tiempo:91.8 minutos
Carrera(Portugal) - Puntos:0.0 - Tiempo:-22.91 minutos

--- Piloto Descalificado: Kankunnen - Puntos Totales Anulados: 10.0 ---
Carrera(Australia) - Puntos:10.0 - Tiempo:69.27 minutos
Carrera(Chile) - Puntos:0.0 - Tiempo:-3.71 minutos

--- Piloto Descalificado: Ogier - Puntos Totales Anulados: 8.0 ---
Carrera(Australia) - Puntos:8.0 - Tiempo:76.03 minutos
Carrera(Chile) - Puntos:0.0 - Tiempo:-19.38 minutos

--- Piloto Descalificado: Loeb - Puntos Totales Anulados: 4.0 ---
Carrera(Australia) - Puntos:4.0 - Tiempo:79.34 minutos
Carrera(Chile) - Puntos:0.0 - Tiempo:-19.38 minutos

--- Piloto Descalificado: McRae - Puntos Totales Anulados: 0.0 ---
Carrera(Australia) - Puntos:0.0 - Tiempo:83.94 minutos
Carrera(Chile) - Puntos:0.0 - Tiempo:-11.05 minutos

--- Piloto Descalificado: Sordo - Puntos Totales Anulados: 0.0 ---
Carrera(Australia) - Puntos:0.0 - Tiempo:-32.14 minutos

--- Piloto Descalificado: Blomquist - Puntos Totales Anulados: 0.0 ---
Carrera(Australia) - Puntos:0.0 - Tiempo:-38.25 minutos

--- Piloto Descalificado: Auriol - Puntos Totales Anulados: 0.0 ---
Carrera(Australia) - Puntos:0.0 - Tiempo:-0.08 minutos

****************************************************
******** CLASIFICACIÓN FINAL DE ESCUDERÍAS *********
****************************************************
¡¡¡¡¡¡¡¡¡¡¡¡¡¡¡¡¡¡¡¡¡¡¡¡¡¡¡¡¡¡¡¡¡¡¡¡¡¡¡¡¡¡¡¡¡¡¡¡¡¡¡¡¡¡¡¡¡¡¡¡¡¡¡¡¡¡¡¡¡¡¡¡¡¡¡¡¡¡¡¡¡¡¡¡¡¡¡¡¡¡¡¡¡¡¡
¡¡¡ Campeonato de escuderías queda desierto por haber sido descalificados todos los pilotos !!!
!!!!!!!!!!!!!!!!!!!!!!!!!!!!!!!!!!!!!!!!!!!!!!!!!!!!!!!!!!!!!!!!!!!!!!!!!!!!!!!!!!!!!!!!!!!!!!!
****************************************************
************ ESCUDERIAS DESCALIFICADAS *************
****************************************************
¡¡¡ Escudería Descalificada: Peugeot con 0.0 puntos !!!
%%%%%%%%%%%%%%%%%%%%%%%%%%%%%%%%%%%%%%%%%%%%%%%%%%%%%%%%%%%%%%%%%%%%%%%%%%%%%%%%%%%%%%%%%%%%%%%%%%%%%%%%%
%%% PEUGEOT %%%
<piloto:Sainz> <tipo:PilotoEstrella> <dest:1.0> <conc:ZEN(120.0)> <descalificado:true>
<piloto:Kankunnen> <tipo:PilotoExperimentado> <dest:0.9> <conc:CONCENTRADO(110.0)> <descalificado:true>
<piloto:Sordo> <tipo:PilotoNovato> <dest:0.7> <conc:DESPISTADO(90.0)> <descalificado:true>
<coche: Peugeot 2008> <tipo:CocheProyecto> <vel_teó: NORMAL(220.0)> <comb: ESCASO(350.0)(actual: -22.91)>
<coche: Peugeot 5008> <tipo:CocheResistenteProyecto> <vel_teó: LENTA(210.0)> <comb: GENEROSO(460.0)(actual: 262.78)> <reserva: 100.0>
<coche: Peugeot 3008> <tipo:CocheRapidoProyecto> <vel_teó: GUEPARDO(240.0)> <comb: NORMAL(440.0)(actual: 370.73)> <nitroPendiente: 38.86>

%%%%%%%%%%%%%%%%%%%%%%%%%%%%%%%%%%%%%%%%%%%%%%%%%%%%%%%%%%%%%%%%%%%%%%%%%%%%%%%%%%%%%%%%%%%%%%%%%%%%%%%%%
¡¡¡ Escudería Descalificada: Citroen con 0.0 puntos !!!
%%%%%%%%%%%%%%%%%%%%%%%%%%%%%%%%%%%%%%%%%%%%%%%%%%%%%%%%%%%%%%%%%%%%%%%%%%%%%%%%%%%%%%%%%%%%%%%%%%%%%%%%%
%%% CITROEN %%%
<piloto:Auriol> <tipo:PilotoNovato> <dest:0.78> <conc:NORMAL(100.0)> <descalificado:true>
<piloto:Loeb> <tipo:PilotoExperimentado> <dest:0.82> <conc:NORMAL(100.0)> <descalificado:true>
<piloto:Makinen> <tipo:PilotoEstrella> <dest:1.0> <conc:ZEN(120.0)> <descalificado:true>
<coche: Citröen C3> <tipo:CocheProyecto> <vel_teó: RAPIDA(230.0)> <comb: ESCASO(350.0)(actual: -23.41)>
<coche: Citröen C4> <tipo:CocheRapidoProyecto> <vel_teó: RAPIDA(230.0)> <comb: ESCASO(350.0)(actual: 189.08)> <nitroPendiente: 14.97>
<coche: Citröen C5> <tipo:CocheResistenteProyecto> <vel_teó: RAPIDA(230.0)> <comb: ELEFANTE(480.0)(actual: 401.94)> <reserva: 100.0>

%%%%%%%%%%%%%%%%%%%%%%%%%%%%%%%%%%%%%%%%%%%%%%%%%%%%%%%%%%%%%%%%%%%%%%%%%%%%%%%%%%%%%%%%%%%%%%%%%%%%%%%%%
¡¡¡ Escudería Descalificada: Seat con 0.0 puntos !!!
%%%%%%%%%%%%%%%%%%%%%%%%%%%%%%%%%%%%%%%%%%%%%%%%%%%%%%%%%%%%%%%%%%%%%%%%%%%%%%%%%%%%%%%%%%%%%%%%%%%%%%%%%
%%% SEAT %%%
<piloto:Ogier> <tipo:PilotoExperimentado> <dest:0.82> <conc:NORMAL(100.0)> <descalificado:true>
<piloto:McRae> <tipo:PilotoEstrella> <dest:0.93> <conc:CONCENTRADO(110.0)> <descalificado:true>
<piloto:Blomquist> <tipo:PilotoNovato> <dest:0.7> <conc:DESPISTADO(90.0)> <descalificado:true>
<coche: Seat Arona> <tipo:CocheProyecto> <vel_teó: RAPIDA(230.0)> <comb: ESCASO(350.0)(actual: 166.06)>
<coche: Seat Tarraco> <tipo:CocheResistenteProyecto> <vel_teó: TORTUGA(200.0)> <comb: GENEROSO(460.0)(actual: 260.0)> <reserva: 100.0>
<coche: Seat Ateca> <tipo:CocheRapidoProyecto> <vel_teó: GUEPARDO(240.0)> <comb: GENEROSO(460.0)(actual: 383.97)> <nitroPendiente: 42.51>

%%%%%%%%%%%%%%%%%%%%%%%%%%%%%%%%%%%%%%%%%%%%%%%%%%%%%%%%%%%%%%%%%%%%%%%%%%%%%%%%%%%%%%%%%%%%%%%%%%%%%%%%%
