*********************************************************************************************************
*****************ESTA SIMULACIÓN CONCLUYE NORMALMENTE COMPLETÁNDOSE TODAS LAS CARRERAS*******************
*********************************************************************************************************
||||||||||||||||||||||||||||||||||||||||||||||||||||||||||||||||
||||||||||||||||||| CIRCUITOS DEL CAMPEONATO |||||||||||||||||||
||||||||||||||||||||||||||||||||||||||||||||||||||||||||||||||||
||||||||||||||||||||||||||||||||||||||||||||||||||||||||||||||||
%%%%%%%%%%%%%%%%%%%%%%%%%%%%%%%%%%%%%%%%%%%
%%%%%%%% ESCUDERÍAS DEL CAMPEONATO %%%%%%%%
%%%%%%%%%%%%%%%%%%%%%%%%%%%%%%%%%%%%%%%%%%%
%%%%%%%%%%%%%%%%%%%%%%%%%%%%%%%%%%%%%%%%%%%%%%%%%%%%%%%%%%%%%%%%%%%%%%%%%%%%%%%%%%%%%%%%%%%%%%%%%%%%%%%%%
%%%PEUGEOT%%%
<piloto:Sordo> <tipo:PilotoNovato> <dest:0.7> <conc:DESPISTADO(90.0)> <descalificado:false>
<piloto:Kankunnen> <tipo:PilotoExperimentado> <dest:0.9> <conc:CONCENTRADO(110.0)> <descalificado:false>
<piloto:Sainz> <tipo:PilotoEstrella> <dest:1.0> <conc:ZEN(120.0)> <descalificado:false>
<coche: Peugeot 2008> <tipo:CocheProyecto> <vel_teó: NORMAL(220.0)> <comb: ESCASO(350.0)(actual: 350.0)>
<coche: Peugeot 3008> <tipo:CocheRapidoProyecto> <vel_teó: GUEPARDO(240.0)> <comb: NORMAL(440.0)(actual: 440.0)> <nitroPendiente: 80.0>
<coche: Peugeot 5008> <tipo:CocheResistenteProyecto> <vel_teó: LENTA(210.0)> <comb: GENEROSO(460.0)(actual: 460.0)> <reserva: 100.0>

%%%%%%%%%%%%%%%%%%%%%%%%%%%%%%%%%%%%%%%%%%%%%%%%%%%%%%%%%%%%%%%%%%%%%%%%%%%%%%%%%%%%%%%%%%%%%%%%%%%%%%%%%
%%%%%%%%%%%%%%%%%%%%%%%%%%%%%%%%%%%%%%%%%%%%%%%%%%%%%%%%%%%%%%%%%%%%%%%%%%%%%%%%%%%%%%%%%%%%%%%%%%%%%%%%%
%%%CITROEN%%%
<piloto:Makinen> <tipo:PilotoEstrella> <dest:1.0> <conc:ZEN(120.0)> <descalificado:false>
<piloto:Loeb> <tipo:PilotoExperimentado> <dest:0.82> <conc:NORMAL(100.0)> <descalificado:false>
<piloto:Auriol> <tipo:PilotoNovato> <dest:0.78> <conc:NORMAL(100.0)> <descalificado:false>
<coche: Citröen C5> <tipo:CocheResistenteProyecto> <vel_teó: RAPIDA(230.0)> <comb: ELEFANTE(480.0)(actual: 480.0)> <reserva: 100.0>
<coche: Citröen C4> <tipo:CocheRapidoProyecto> <vel_teó: RAPIDA(230.0)> <comb: ESCASO(350.0)(actual: 350.0)> <nitroPendiente: 80.0>
<coche: Citröen C3> <tipo:CocheProyecto> <vel_teó: RAPIDA(230.0)> <comb: ESCASO(350.0)(actual: 350.0)>

%%%%%%%%%%%%%%%%%%%%%%%%%%%%%%%%%%%%%%%%%%%%%%%%%%%%%%%%%%%%%%%%%%%%%%%%%%%%%%%%%%%%%%%%%%%%%%%%%%%%%%%%%
%%%%%%%%%%%%%%%%%%%%%%%%%%%%%%%%%%%%%%%%%%%%%%%%%%%%%%%%%%%%%%%%%%%%%%%%%%%%%%%%%%%%%%%%%%%%%%%%%%%%%%%%%
%%%SEAT%%%
<piloto:Blomquist> <tipo:PilotoNovato> <dest:0.7> <conc:DESPISTADO(90.0)> <descalificado:false>
<piloto:Ogier> <tipo:PilotoExperimentado> <dest:0.82> <conc:NORMAL(100.0)> <descalificado:false>
<piloto:McRae> <tipo:PilotoEstrella> <dest:0.93> <conc:CONCENTRADO(110.0)> <descalificado:false>
<coche: Seat Arona> <tipo:CocheProyecto> <vel_teó: RAPIDA(230.0)> <comb: ESCASO(350.0)(actual: 350.0)>
<coche: Seat Ateca> <tipo:CocheRapidoProyecto> <vel_teó: GUEPARDO(240.0)> <comb: GENEROSO(460.0)(actual: 460.0)> <nitroPendiente: 80.0>
<coche: Seat Tarraco> <tipo:CocheResistenteProyecto> <vel_teó: TORTUGA(200.0)> <comb: GENEROSO(460.0)(actual: 460.0)> <reserva: 100.0>

%%%%%%%%%%%%%%%%%%%%%%%%%%%%%%%%%%%%%%%%%%%%%%%%%%%%%%%%%%%%%%%%%%%%%%%%%%%%%%%%%%%%%%%%%%%%%%%%%%%%%%%%%
********************************************************************************************************
*** CARRERA<1> EN<circuito:Australia> <cond:CircuitoGravillaProyecto > <comp: BAJA(:1.0)(actual:1.05)> <dist: LARGA(:300.0)(actual:285.0)>***
********************************************************************************************************
********************************************************************************************************
******************************** Pilotos que van a competir en Australia*******************************
**********************************************************************************************************
<piloto:Blomquist> <tipo:PilotoNovato> <dest:0.7> <conc:DESPISTADO(90.0)> <descalificado:false>
<piloto:Kankunnen> <tipo:PilotoExperimentado> <dest:0.9> <conc:CONCENTRADO(110.0)> <descalificado:false>
<piloto:Loeb> <tipo:PilotoExperimentado> <dest:0.82> <conc:NORMAL(100.0)> <descalificado:false>
<piloto:Makinen> <tipo:PilotoEstrella> <dest:1.0> <conc:ZEN(120.0)> <descalificado:false>
<piloto:Ogier> <tipo:PilotoExperimentado> <dest:0.82> <conc:NORMAL(100.0)> <descalificado:false>
<piloto:Sordo> <tipo:PilotoNovato> <dest:0.7> <conc:DESPISTADO(90.0)> <descalificado:false>
++++++++++++++++++++++++++++++++++++++++++++++++++++++++++++++++++++++++++++++++++++
+++++++++++++++++++++++++ Comienza la carrera en Australia++++++++++++++++++++++++++
++++++++++++++++++++++++++++++++++++++++++++++++++++++++++++++++++++++++++++++++++++
@@@ Piloto 1 de 6
<piloto:Blomquist> <tipo:PilotoNovato> <dest:0.7> <conc:DESPISTADO(90.0)> <descalificado:false> con <coche: Seat Arona> <tipo:CocheProyecto> <vel_teó: RAPIDA(230.0)> <comb: ESCASO(350.0)(actual: 350.0)>
Con estas condiciones es capaz de correr a 153.33km/h
¡¡¡ Blomquist perdió la concentración a falta de 21.52 minutos para terminar !!! 
¡¡¡ En el momento del despiste llevaba en carrera 90.0 minutos !!! 
+++ El combustible del Seat Arona tras la carrera es 260.0 +++ 
@@@ 
@@@ Piloto 2 de 6
<piloto:Kankunnen> <tipo:PilotoExperimentado> <dest:0.9> <conc:CONCENTRADO(110.0)> <descalificado:false> con <coche: Peugeot 3008> <tipo:CocheRapidoProyecto> <vel_teó: GUEPARDO(240.0)> <comb: NORMAL(440.0)(actual: 440.0)> <nitroPendiente: 80.0>
Con estas condiciones es capaz de correr a 205.71km/h
+++Peugeot 3008 usa 41.14 de nitro para alcanzar 246.85 km/hora y el nitro restante es 38.86+++
+++ Kankunnen termina la carrera en 69.27minutos +++ 
+++ El combustible del Peugeot 3008 tras la carrera es 370.73 +++ 
@@@ 
@@@ Piloto 3 de 6
<piloto:Loeb> <tipo:PilotoExperimentado> <dest:0.82> <conc:NORMAL(100.0)> <descalificado:false> con <coche: Citröen C4> <tipo:CocheRapidoProyecto> <vel_teó: RAPIDA(230.0)> <comb: ESCASO(350.0)(actual: 350.0)> <nitroPendiente: 80.0>
Con estas condiciones es capaz de correr a 179.62km/h
+++Citröen C4 usa 35.92 de nitro para alcanzar 215.54 km/hora y el nitro restante es 44.08+++
+++ Loeb termina la carrera en 79.34minutos +++ 
+++ El combustible del Citröen C4 tras la carrera es 270.66 +++ 
@@@ 
@@@ Piloto 4 de 6
<piloto:Makinen> <tipo:PilotoEstrella> <dest:1.0> <conc:ZEN(120.0)> <descalificado:false> con <coche: Citröen C5> <tipo:CocheResistenteProyecto> <vel_teó: RAPIDA(230.0)> <comb: ELEFANTE(480.0)(actual: 480.0)> <reserva: 100.0>
Con estas condiciones es capaz de correr a 219.05km/h
+++ Makinen termina la carrera en 78.06minutos +++ 
+++ El combustible del Citröen C5 tras la carrera es 401.94 +++ 
@@@ 
@@@ Piloto 5 de 6
<piloto:Ogier> <tipo:PilotoExperimentado> <dest:0.82> <conc:NORMAL(100.0)> <descalificado:false> con <coche: Seat Ateca> <tipo:CocheRapidoProyecto> <vel_teó: GUEPARDO(240.0)> <comb: GENEROSO(460.0)(actual: 460.0)> <nitroPendiente: 80.0>
Con estas condiciones es capaz de correr a 187.43km/h
+++Seat Ateca usa 37.49 de nitro para alcanzar 224.92 km/hora y el nitro restante es 42.51+++
+++ Ogier termina la carrera en 76.03minutos +++ 
+++ El combustible del Seat Ateca tras la carrera es 383.97 +++ 
@@@ 
@@@ Piloto 6 de 6
<piloto:Sordo> <tipo:PilotoNovato> <dest:0.7> <conc:DESPISTADO(90.0)> <descalificado:false> con <coche: Peugeot 2008> <tipo:CocheProyecto> <vel_teó: NORMAL(220.0)> <comb: ESCASO(350.0)(actual: 350.0)>
Con estas condiciones es capaz de correr a 146.67km/h
¡¡¡ Sordo perdió la concentración a falta de 26.59 minutos para terminar !!! 
¡¡¡ En el momento del despiste llevaba en carrera 90.0 minutos !!! 
+++ El combustible del Peugeot 2008 tras la carrera es 260.0 +++ 
@@@ 
++++++++++++++++++++++++++++++++++++++++++++++++++++++++++++++++++++++++++++++++++++
+++++++++++++++++ Clasificación final de la carrera en Australia+++++++++++++++++++
++++++++++++++++++++++++++++++++++++++++++++++++++++++++++++++++++++++++++++++++++++
@@@ Posición(1): Kankunnen Tiempo: 69.27 - Puntos: 10.0 @@@
@@@ Posición(2): Ogier Tiempo: 76.03 - Puntos: 8.0 @@@
@@@ Posición(3): Makinen Tiempo: 78.06 - Puntos: 6.0 @@@
@@@ Posición(4): Loeb Tiempo: 79.34 - Puntos: 4.0 @@@
¡¡¡ Ha abandonado Sordo Tiempo: -26.59 - Puntos: 0.0
 !!!
¡¡¡ Ha abandonado Blomquist Tiempo: -21.52 - Puntos: 0.0
 !!!
********************************************************************************************************
*** CARRERA<2> EN<circuito:Chile> <cond:CircuitoGravillaProyecto > <comp: ALTA(:1.5)(actual:1.58)> <dist: CORTA(:250.0)(actual:237.5)>***
********************************************************************************************************
********************************************************************************************************
******************************** Pilotos que van a competir en Chile*******************************
**********************************************************************************************************
<piloto:Blomquist> <tipo:PilotoNovato> <dest:0.7> <conc:DESPISTADO(90.0)> <descalificado:false>
<piloto:McRae> <tipo:PilotoEstrella> <dest:0.93> <conc:CONCENTRADO(110.0)> <descalificado:false>
<piloto:Sainz> <tipo:PilotoEstrella> <dest:1.0> <conc:ZEN(120.0)> <descalificado:false>
<piloto:Sordo> <tipo:PilotoNovato> <dest:0.7> <conc:DESPISTADO(90.0)> <descalificado:false>
<piloto:Loeb> <tipo:PilotoExperimentado> <dest:0.82> <conc:NORMAL(100.0)> <descalificado:false>
<piloto:Makinen> <tipo:PilotoEstrella> <dest:1.0> <conc:ZEN(120.0)> <descalificado:false>
++++++++++++++++++++++++++++++++++++++++++++++++++++++++++++++++++++++++++++++++++++
+++++++++++++++++++++++++ Comienza la carrera en Chile++++++++++++++++++++++++++
++++++++++++++++++++++++++++++++++++++++++++++++++++++++++++++++++++++++++++++++++++
@@@ Piloto 1 de 6
<piloto:Blomquist> <tipo:PilotoNovato> <dest:0.7> <conc:DESPISTADO(90.0)> <descalificado:false> con <coche: Seat Arona> <tipo:CocheProyecto> <vel_teó: RAPIDA(230.0)> <comb: ESCASO(350.0)(actual: 260.0)>
Con estas condiciones es capaz de correr a 101.9km/h
¡¡¡ Blomquist perdió la concentración a falta de 49.84 minutos para terminar !!! 
¡¡¡ En el momento del despiste llevaba en carrera 90.0 minutos !!! 
+++ El combustible del Seat Arona tras la carrera es 170.0 +++ 
@@@ 
@@@ Piloto 2 de 6
<piloto:McRae> <tipo:PilotoEstrella> <dest:0.93> <conc:CONCENTRADO(110.0)> <descalificado:false> con <coche: Seat Ateca> <tipo:CocheRapidoProyecto> <vel_teó: GUEPARDO(240.0)> <comb: GENEROSO(460.0)(actual: 383.97)> <nitroPendiente: 42.51>
Con estas condiciones es capaz de correr a 141.27km/h
+++Seat Ateca usa 28.25 de nitro para alcanzar 169.52 km/hora y el nitro restante es 14.26+++
+++ McRae termina la carrera en 84.06minutos +++ 
+++ El combustible del Seat Ateca tras la carrera es 299.91 +++ 
@@@ 
@@@ Piloto 3 de 6
<piloto:Sainz> <tipo:PilotoEstrella> <dest:1.0> <conc:ZEN(120.0)> <descalificado:false> con <coche: Peugeot 3008> <tipo:CocheRapidoProyecto> <vel_teó: GUEPARDO(240.0)> <comb: NORMAL(440.0)(actual: 370.73)> <nitroPendiente: 38.86>
Con estas condiciones es capaz de correr a 151.9km/h
+++Peugeot 3008 usa 30.38 de nitro para alcanzar 182.28 km/hora y el nitro restante es 8.48+++
+++ Sainz termina la carrera en 78.18minutos +++ 
+++ El combustible del Peugeot 3008 tras la carrera es 292.55 +++ 
@@@ 
@@@ Piloto 4 de 6
<piloto:Sordo> <tipo:PilotoNovato> <dest:0.7> <conc:DESPISTADO(90.0)> <descalificado:false> con <coche: Peugeot 2008> <tipo:CocheProyecto> <vel_teó: NORMAL(220.0)> <comb: ESCASO(350.0)(actual: 260.0)>
Con estas condiciones es capaz de correr a 97.47km/h
¡¡¡ Sordo perdió la concentración a falta de 56.2 minutos para terminar !!! 
¡¡¡ En el momento del despiste llevaba en carrera 90.0 minutos !!! 
+++ El combustible del Peugeot 2008 tras la carrera es 170.0 +++ 
@@@ 
@@@ Piloto 5 de 6
<piloto:Loeb> <tipo:PilotoExperimentado> <dest:0.82> <conc:NORMAL(100.0)> <descalificado:false> con <coche: Citröen C3> <tipo:CocheProyecto> <vel_teó: RAPIDA(230.0)> <comb: ESCASO(350.0)(actual: 350.0)>
Con estas condiciones es capaz de correr a 119.37km/h
¡¡¡ Loeb perdió la concentración a falta de 19.38 minutos para terminar !!! 
¡¡¡ En el momento del despiste llevaba en carrera 100.0 minutos !!! 
+++ El combustible del Citröen C3 tras la carrera es 250.0 +++ 
@@@ 
@@@ Piloto 6 de 6
<piloto:Makinen> <tipo:PilotoEstrella> <dest:1.0> <conc:ZEN(120.0)> <descalificado:false> con <coche: Citröen C5> <tipo:CocheResistenteProyecto> <vel_teó: RAPIDA(230.0)> <comb: ELEFANTE(480.0)(actual: 401.94)> <reserva: 100.0>
Con estas condiciones es capaz de correr a 145.57km/h
+++ Makinen termina la carrera en 97.89minutos +++ 
+++ El combustible del Citröen C5 tras la carrera es 304.05 +++ 
@@@ 
++++++++++++++++++++++++++++++++++++++++++++++++++++++++++++++++++++++++++++++++++++
+++++++++++++++++ Clasificación final de la carrera en Chile+++++++++++++++++++
++++++++++++++++++++++++++++++++++++++++++++++++++++++++++++++++++++++++++++++++++++
@@@ Posición(1): Sainz Tiempo: 78.18 - Puntos: 10.0 @@@
@@@ Posición(2): McRae Tiempo: 84.06 - Puntos: 8.0 @@@
@@@ Posición(3): Makinen Tiempo: 97.89 - Puntos: 6.0 @@@
¡¡¡ Ha abandonado Sordo Tiempo: -56.2 - Puntos: 0.0
 !!!
¡¡¡ Ha abandonado Blomquist Tiempo: -49.84 - Puntos: 0.0
 !!!
¡¡¡ Ha abandonado Loeb Tiempo: -19.38 - Puntos: 0.0
 !!!
********************************************************************************************************
*** CARRERA<3> EN<circuito:Alemania> <cond:CircuitoMojadoProyecto > <comp: MEDIA(:1.25)(actual:1.44)> <dist: INTERMEDIA(:275.0)(actual:233.75)>***
********************************************************************************************************
********************************************************************************************************
******************************** Pilotos que van a competir en Alemania*******************************
**********************************************************************************************************
<piloto:Blomquist> <tipo:PilotoNovato> <dest:0.7> <conc:DESPISTADO(90.0)> <descalificado:false>
<piloto:Sordo> <tipo:PilotoNovato> <dest:0.7> <conc:DESPISTADO(90.0)> <descalificado:false>
<piloto:Loeb> <tipo:PilotoExperimentado> <dest:0.82> <conc:NORMAL(100.0)> <descalificado:false>
<piloto:Ogier> <tipo:PilotoExperimentado> <dest:0.82> <conc:NORMAL(100.0)> <descalificado:false>
<piloto:Kankunnen> <tipo:PilotoExperimentado> <dest:0.9> <conc:CONCENTRADO(110.0)> <descalificado:false>
<piloto:Makinen> <tipo:PilotoEstrella> <dest:1.0> <conc:ZEN(120.0)> <descalificado:false>
++++++++++++++++++++++++++++++++++++++++++++++++++++++++++++++++++++++++++++++++++++
+++++++++++++++++++++++++ Comienza la carrera en Alemania++++++++++++++++++++++++++
++++++++++++++++++++++++++++++++++++++++++++++++++++++++++++++++++++++++++++++++++++
@@@ Piloto 1 de 6
<piloto:Blomquist> <tipo:PilotoNovato> <dest:0.7> <conc:DESPISTADO(90.0)> <descalificado:false> con <coche: Seat Arona> <tipo:CocheProyecto> <vel_teó: RAPIDA(230.0)> <comb: ESCASO(350.0)(actual: 170.0)>
Con estas condiciones es capaz de correr a 111.81km/h
¡¡¡ Blomquist perdió la concentración a falta de 35.44 minutos para terminar !!! 
¡¡¡ En el momento del despiste llevaba en carrera 90.0 minutos !!! 
+++ El combustible del Seat Arona tras la carrera es 80.0 +++ 
@@@ 
¡¡¡ Blomquist DESCALIFICADO del campeonato por alcanzar el límite de abandonos(3) !!!
@@@ Piloto 2 de 6
<piloto:Sordo> <tipo:PilotoNovato> <dest:0.7> <conc:DESPISTADO(90.0)> <descalificado:false> con <coche: Peugeot 2008> <tipo:CocheProyecto> <vel_teó: NORMAL(220.0)> <comb: ESCASO(350.0)(actual: 170.0)>
Con estas condiciones es capaz de correr a 106.94km/h
¡¡¡ Sordo perdió la concentración a falta de 41.15 minutos para terminar !!! 
¡¡¡ En el momento del despiste llevaba en carrera 90.0 minutos !!! 
+++ El combustible del Peugeot 2008 tras la carrera es 80.0 +++ 
@@@ 
¡¡¡ Sordo DESCALIFICADO del campeonato por alcanzar el límite de abandonos(3) !!!
@@@ Piloto 3 de 6
<piloto:Loeb> <tipo:PilotoExperimentado> <dest:0.82> <conc:NORMAL(100.0)> <descalificado:false> con <coche: Citröen C4> <tipo:CocheRapidoProyecto> <vel_teó: RAPIDA(230.0)> <comb: ESCASO(350.0)(actual: 270.66)> <nitroPendiente: 44.08>
Con estas condiciones es capaz de correr a 130.97km/h
+++Citröen C4 usa 26.19 de nitro para alcanzar 157.16 km/hora y el nitro restante es 17.89+++
+++ Loeb termina la carrera en 89.24minutos +++ 
+++ El combustible del Citröen C4 tras la carrera es 181.42 +++ 
@@@ 
@@@ Piloto 4 de 6
<piloto:Ogier> <tipo:PilotoExperimentado> <dest:0.82> <conc:NORMAL(100.0)> <descalificado:false> con <coche: Seat Ateca> <tipo:CocheRapidoProyecto> <vel_teó: GUEPARDO(240.0)> <comb: GENEROSO(460.0)(actual: 299.91)> <nitroPendiente: 14.26>
Con estas condiciones es capaz de correr a 136.67km/h
+++Seat Ateca usa 27.33 de nitro para alcanzar 150.93 km/hora y el nitro restante es 0.0+++
+++ Ogier termina la carrera en 92.92minutos +++ 
+++ El combustible del Seat Ateca tras la carrera es 206.99 +++ 
@@@ 
@@@ Piloto 5 de 6
<piloto:Kankunnen> <tipo:PilotoExperimentado> <dest:0.9> <conc:CONCENTRADO(110.0)> <descalificado:false> con <coche: Peugeot 3008> <tipo:CocheRapidoProyecto> <vel_teó: GUEPARDO(240.0)> <comb: NORMAL(440.0)(actual: 292.55)> <nitroPendiente: 8.48>
Con estas condiciones es capaz de correr a 150.0km/h
+++Peugeot 3008 usa 30.0 de nitro para alcanzar 158.48 km/hora y el nitro restante es 0.0+++
+++ Kankunnen termina la carrera en 88.5minutos +++ 
+++ El combustible del Peugeot 3008 tras la carrera es 204.05 +++ 
@@@ 
@@@ Piloto 6 de 6
<piloto:Makinen> <tipo:PilotoEstrella> <dest:1.0> <conc:ZEN(120.0)> <descalificado:false> con <coche: Citröen C5> <tipo:CocheResistenteProyecto> <vel_teó: RAPIDA(230.0)> <comb: ELEFANTE(480.0)(actual: 304.05)> <reserva: 100.0>
Con estas condiciones es capaz de correr a 159.72km/h
+++ Makinen termina la carrera en 87.81minutos +++ 
+++ El combustible del Citröen C5 tras la carrera es 216.24 +++ 
@@@ 
++++++++++++++++++++++++++++++++++++++++++++++++++++++++++++++++++++++++++++++++++++
+++++++++++++++++ Clasificación final de la carrera en Alemania+++++++++++++++++++
++++++++++++++++++++++++++++++++++++++++++++++++++++++++++++++++++++++++++++++++++++
@@@ Posición(1): Makinen Tiempo: 87.81 - Puntos: 10.0 @@@
@@@ Posición(2): Kankunnen Tiempo: 88.5 - Puntos: 8.0 @@@
@@@ Posición(3): Loeb Tiempo: 89.24 - Puntos: 6.0 @@@
@@@ Posición(4): Ogier Tiempo: 92.92 - Puntos: 4.0 @@@
¡¡¡ Ha abandonado Sordo Tiempo: -41.15 - Puntos: 0.0
 - Además ha sido descalificado para el resto del Campeonato !!!
¡¡¡ Ha abandonado Blomquist Tiempo: -35.44 - Puntos: 0.0
 - Además ha sido descalificado para el resto del Campeonato !!!
********************************************************************************************************
*** CARRERA<4> EN<circuito:Portugal> <cond:CircuitoGravillaProyecto CircuitoNocturnoProyecto > <comp: MEDIA(:1.25)(actual:1.57)> <dist: INTERMEDIA(:275.0)(actual:209.0)>***
********************************************************************************************************
********************************************************************************************************
******************************** Pilotos que van a competir en Portugal*******************************
**********************************************************************************************************
<piloto:McRae> <tipo:PilotoEstrella> <dest:0.93> <conc:CONCENTRADO(110.0)> <descalificado:false>
<piloto:Sainz> <tipo:PilotoEstrella> <dest:1.0> <conc:ZEN(120.0)> <descalificado:false>
<piloto:Loeb> <tipo:PilotoExperimentado> <dest:0.82> <conc:NORMAL(100.0)> <descalificado:false>
<piloto:Ogier> <tipo:PilotoExperimentado> <dest:0.82> <conc:NORMAL(100.0)> <descalificado:false>
<piloto:Kankunnen> <tipo:PilotoExperimentado> <dest:0.9> <conc:CONCENTRADO(110.0)> <descalificado:false>
<piloto:Makinen> <tipo:PilotoEstrella> <dest:1.0> <conc:ZEN(120.0)> <descalificado:false>
++++++++++++++++++++++++++++++++++++++++++++++++++++++++++++++++++++++++++++++++++++
+++++++++++++++++++++++++ Comienza la carrera en Portugal++++++++++++++++++++++++++
++++++++++++++++++++++++++++++++++++++++++++++++++++++++++++++++++++++++++++++++++++
@@@ Piloto 1 de 6
<piloto:McRae> <tipo:PilotoEstrella> <dest:0.93> <conc:CONCENTRADO(110.0)> <descalificado:false> con <coche: Seat Arona> <tipo:CocheProyecto> <vel_teó: RAPIDA(230.0)> <comb: ESCASO(350.0)(actual: 80.0)>
Con estas condiciones es capaz de correr a 136.24km/h
¡¡¡ El Seat Arona se quedó sin combustible a falta de 12.04 minutos para terminar !!! 
¡¡¡ En el momento de quedarse sin combustible llevaba en carrera -11.12 minutos !!! 
+++ El combustible del Seat Arona tras la carrera es -12.04 +++ 
@@@ 
@@@ Piloto 2 de 6
<piloto:Sainz> <tipo:PilotoEstrella> <dest:1.0> <conc:ZEN(120.0)> <descalificado:false> con <coche: Peugeot 2008> <tipo:CocheProyecto> <vel_teó: NORMAL(220.0)> <comb: ESCASO(350.0)(actual: 80.0)>
Con estas condiciones es capaz de correr a 140.13km/h
¡¡¡ El Peugeot 2008 se quedó sin combustible a falta de 9.49 minutos para terminar !!! 
¡¡¡ En el momento de quedarse sin combustible llevaba en carrera -8.6 minutos !!! 
+++ El combustible del Peugeot 2008 tras la carrera es -9.49 +++ 
@@@ 
@@@ Piloto 3 de 6
<piloto:Loeb> <tipo:PilotoExperimentado> <dest:0.82> <conc:NORMAL(100.0)> <descalificado:false> con <coche: Citröen C5> <tipo:CocheResistenteProyecto> <vel_teó: RAPIDA(230.0)> <comb: ELEFANTE(480.0)(actual: 216.24)> <reserva: 100.0>
Con estas condiciones es capaz de correr a 120.13km/h
¡¡¡ Loeb perdió la concentración a falta de 4.39 minutos para terminar !!! 
¡¡¡ En el momento del despiste llevaba en carrera 100.0 minutos !!! 
+++ El combustible del Citröen C5 tras la carrera es 116.24 +++ 
@@@ 
@@@ Piloto 4 de 6
<piloto:Ogier> <tipo:PilotoExperimentado> <dest:0.82> <conc:NORMAL(100.0)> <descalificado:false> con <coche: Seat Ateca> <tipo:CocheRapidoProyecto> <vel_teó: GUEPARDO(240.0)> <comb: GENEROSO(460.0)(actual: 206.99)> <nitroPendiente: 0.0>
Con estas condiciones es capaz de correr a 125.35km/h
¡¡¡ Ogier perdió la concentración a falta de 0.04 minutos para terminar !!! 
¡¡¡ En el momento del despiste llevaba en carrera 100.0 minutos !!! 
+++ El combustible del Seat Ateca tras la carrera es 106.99 +++ 
@@@ 
@@@ Piloto 5 de 6
<piloto:Kankunnen> <tipo:PilotoExperimentado> <dest:0.9> <conc:CONCENTRADO(110.0)> <descalificado:false> con <coche: Peugeot 3008> <tipo:CocheRapidoProyecto> <vel_teó: GUEPARDO(240.0)> <comb: NORMAL(440.0)(actual: 204.05)> <nitroPendiente: 0.0>
Con estas condiciones es capaz de correr a 137.58km/h
+++ Kankunnen termina la carrera en 91.15minutos +++ 
+++ El combustible del Peugeot 3008 tras la carrera es 112.9 +++ 
@@@ 
@@@ Piloto 6 de 6
<piloto:Makinen> <tipo:PilotoEstrella> <dest:1.0> <conc:ZEN(120.0)> <descalificado:false> con <coche: Citröen C3> <tipo:CocheProyecto> <vel_teó: RAPIDA(230.0)> <comb: ESCASO(350.0)(actual: 250.0)>
Con estas condiciones es capaz de correr a 146.5km/h
+++ Makinen termina la carrera en 85.6minutos +++ 
+++ El combustible del Citröen C3 tras la carrera es 164.4 +++ 
@@@ 
++++++++++++++++++++++++++++++++++++++++++++++++++++++++++++++++++++++++++++++++++++
+++++++++++++++++ Clasificación final de la carrera en Portugal+++++++++++++++++++
++++++++++++++++++++++++++++++++++++++++++++++++++++++++++++++++++++++++++++++++++++
@@@ Posición(1): Makinen Tiempo: 85.6 - Puntos: 10.0 @@@
@@@ Posición(2): Kankunnen Tiempo: 91.15 - Puntos: 8.0 @@@
¡¡¡ Ha abandonado McRae Tiempo: -12.04 - Puntos: 0.0
 !!!
¡¡¡ Ha abandonado Sainz Tiempo: -9.49 - Puntos: 0.0
 !!!
¡¡¡ Ha abandonado Loeb Tiempo: -4.39 - Puntos: 0.0
 !!!
¡¡¡ Ha abandonado Ogier Tiempo: -0.04 - Puntos: 0.0
 !!!
********************************************************************************************************
*** CARRERA<5> EN<circuito:Córcega> <cond:CircuitoNocturnoProyecto CircuitoGravillaProyecto > <comp: MEDIA(:1.25)(actual:1.58)> <dist: INTERMEDIA(:275.0)(actual:209.0)>***
********************************************************************************************************
********************************************************************************************************
******************************** Pilotos que van a competir en Córcega*******************************
**********************************************************************************************************
<piloto:McRae> <tipo:PilotoEstrella> <dest:0.93> <conc:CONCENTRADO(110.0)> <descalificado:false>
<piloto:Sainz> <tipo:PilotoEstrella> <dest:1.0> <conc:ZEN(120.0)> <descalificado:false>
<piloto:Loeb> <tipo:PilotoExperimentado> <dest:0.82> <conc:NORMAL(100.0)> <descalificado:false>
<piloto:Ogier> <tipo:PilotoExperimentado> <dest:0.82> <conc:NORMAL(100.0)> <descalificado:false>
<piloto:Kankunnen> <tipo:PilotoExperimentado> <dest:0.9> <conc:CONCENTRADO(110.0)> <descalificado:false>
<piloto:Makinen> <tipo:PilotoEstrella> <dest:1.0> <conc:ZEN(120.0)> <descalificado:false>
++++++++++++++++++++++++++++++++++++++++++++++++++++++++++++++++++++++++++++++++++++
+++++++++++++++++++++++++ Comienza la carrera en Córcega++++++++++++++++++++++++++
++++++++++++++++++++++++++++++++++++++++++++++++++++++++++++++++++++++++++++++++++++
@@@ Piloto 1 de 6
<piloto:McRae> <tipo:PilotoEstrella> <dest:0.93> <conc:CONCENTRADO(110.0)> <descalificado:false> con <coche: Seat Ateca> <tipo:CocheRapidoProyecto> <vel_teó: GUEPARDO(240.0)> <comb: GENEROSO(460.0)(actual: 106.99)> <nitroPendiente: 0.0>
Con estas condiciones es capaz de correr a 141.27km/h
+++ McRae termina la carrera en 88.77minutos +++ 
+++ El combustible del Seat Ateca tras la carrera es 18.22 +++ 
@@@ 
@@@ Piloto 2 de 6
<piloto:Sainz> <tipo:PilotoEstrella> <dest:1.0> <conc:ZEN(120.0)> <descalificado:false> con <coche: Peugeot 3008> <tipo:CocheRapidoProyecto> <vel_teó: GUEPARDO(240.0)> <comb: NORMAL(440.0)(actual: 112.9)> <nitroPendiente: 0.0>
Con estas condiciones es capaz de correr a 151.9km/h
+++ Sainz termina la carrera en 82.55minutos +++ 
+++ El combustible del Peugeot 3008 tras la carrera es 30.35 +++ 
@@@ 
@@@ Piloto 3 de 6
<piloto:Loeb> <tipo:PilotoExperimentado> <dest:0.82> <conc:NORMAL(100.0)> <descalificado:false> con <coche: Citröen C3> <tipo:CocheProyecto> <vel_teó: RAPIDA(230.0)> <comb: ESCASO(350.0)(actual: 164.4)>
Con estas condiciones es capaz de correr a 119.37km/h
¡¡¡ Loeb perdió la concentración a falta de 5.05 minutos para terminar !!! 
¡¡¡ En el momento del despiste llevaba en carrera 100.0 minutos !!! 
+++ El combustible del Citröen C3 tras la carrera es 64.4 +++ 
@@@ 
¡¡¡ Loeb DESCALIFICADO del campeonato por alcanzar el límite de abandonos(3) !!!
@@@ Piloto 4 de 6
<piloto:Ogier> <tipo:PilotoExperimentado> <dest:0.82> <conc:NORMAL(100.0)> <descalificado:false> con <coche: Seat Tarraco> <tipo:CocheResistenteProyecto> <vel_teó: TORTUGA(200.0)> <comb: GENEROSO(460.0)(actual: 460.0)> <reserva: 100.0>
Con estas condiciones es capaz de correr a 103.8km/h
¡¡¡ Ogier perdió la concentración a falta de 20.81 minutos para terminar !!! 
¡¡¡ En el momento del despiste llevaba en carrera 100.0 minutos !!! 
+++ El combustible del Seat Tarraco tras la carrera es 360.0 +++ 
@@@ 
@@@ Piloto 5 de 6
<piloto:Kankunnen> <tipo:PilotoExperimentado> <dest:0.9> <conc:CONCENTRADO(110.0)> <descalificado:false> con <coche: Peugeot 5008> <tipo:CocheResistenteProyecto> <vel_teó: LENTA(210.0)> <comb: GENEROSO(460.0)(actual: 460.0)> <reserva: 100.0>
Con estas condiciones es capaz de correr a 119.62km/h
+++ Kankunnen termina la carrera en 104.83minutos +++ 
+++ El combustible del Peugeot 5008 tras la carrera es 355.17 +++ 
@@@ 
@@@ Piloto 6 de 6
<piloto:Makinen> <tipo:PilotoEstrella> <dest:1.0> <conc:ZEN(120.0)> <descalificado:false> con <coche: Citröen C4> <tipo:CocheRapidoProyecto> <vel_teó: RAPIDA(230.0)> <comb: ESCASO(350.0)(actual: 181.42)> <nitroPendiente: 17.89>
Con estas condiciones es capaz de correr a 145.57km/h
+++Citröen C4 usa 29.11 de nitro para alcanzar 163.46 km/hora y el nitro restante es 0.0+++
+++ Makinen termina la carrera en 76.72minutos +++ 
+++ El combustible del Citröen C4 tras la carrera es 104.7 +++ 
@@@ 
++++++++++++++++++++++++++++++++++++++++++++++++++++++++++++++++++++++++++++++++++++
+++++++++++++++++ Clasificación final de la carrera en Córcega+++++++++++++++++++
++++++++++++++++++++++++++++++++++++++++++++++++++++++++++++++++++++++++++++++++++++
@@@ Posición(1): Makinen Tiempo: 76.72 - Puntos: 10.0 @@@
@@@ Posición(2): Sainz Tiempo: 82.55 - Puntos: 8.0 @@@
@@@ Posición(3): McRae Tiempo: 88.77 - Puntos: 6.0 @@@
@@@ Posición(4): Kankunnen Tiempo: 104.83 - Puntos: 4.0 @@@
¡¡¡ Ha abandonado Ogier Tiempo: -20.81 - Puntos: 0.0
 !!!
¡¡¡ Ha abandonado Loeb Tiempo: -5.05 - Puntos: 0.0
 - Además ha sido descalificado para el resto del Campeonato !!!
********************************************************************************************************
*** CARRERA<6> EN<circuito:Cerdeña> <cond:CircuitoGravillaProyecto CircuitoMojadoProyecto > <comp: ALTA(:1.5)(actual:1.82)> <dist: CORTA(:250.0)(actual:201.88)>***
********************************************************************************************************
********************************************************************************************************
******************************** Pilotos que van a competir en Cerdeña*******************************
**********************************************************************************************************
<piloto:Auriol> <tipo:PilotoNovato> <dest:0.78> <conc:NORMAL(100.0)> <descalificado:false>
<piloto:Ogier> <tipo:PilotoExperimentado> <dest:0.82> <conc:NORMAL(100.0)> <descalificado:false>
<piloto:McRae> <tipo:PilotoEstrella> <dest:0.93> <conc:CONCENTRADO(110.0)> <descalificado:false>
<piloto:Sainz> <tipo:PilotoEstrella> <dest:1.0> <conc:ZEN(120.0)> <descalificado:false>
<piloto:Kankunnen> <tipo:PilotoExperimentado> <dest:0.9> <conc:CONCENTRADO(110.0)> <descalificado:false>
<piloto:Makinen> <tipo:PilotoEstrella> <dest:1.0> <conc:ZEN(120.0)> <descalificado:false>
++++++++++++++++++++++++++++++++++++++++++++++++++++++++++++++++++++++++++++++++++++
+++++++++++++++++++++++++ Comienza la carrera en Cerdeña++++++++++++++++++++++++++
++++++++++++++++++++++++++++++++++++++++++++++++++++++++++++++++++++++++++++++++++++
@@@ Piloto 1 de 6
<piloto:Auriol> <tipo:PilotoNovato> <dest:0.78> <conc:NORMAL(100.0)> <descalificado:false> con <coche: Citröen C4> <tipo:CocheRapidoProyecto> <vel_teó: RAPIDA(230.0)> <comb: ESCASO(350.0)(actual: 104.7)> <nitroPendiente: 0.0>
Con estas condiciones es capaz de correr a 98.57km/h
¡¡¡ Auriol perdió la concentración a falta de 22.89 minutos para terminar !!! 
¡¡¡ En el momento del despiste llevaba en carrera 100.0 minutos !!! 
+++ El combustible del Citröen C4 tras la carrera es 4.7 +++ 
@@@ 
@@@ Piloto 2 de 6
<piloto:Ogier> <tipo:PilotoExperimentado> <dest:0.82> <conc:NORMAL(100.0)> <descalificado:false> con <coche: Seat Ateca> <tipo:CocheRapidoProyecto> <vel_teó: GUEPARDO(240.0)> <comb: GENEROSO(460.0)(actual: 18.22)> <nitroPendiente: 0.0>
Con estas condiciones es capaz de correr a 108.13km/h
¡¡¡ El Seat Ateca se quedó sin combustible a falta de 93.8 minutos para terminar !!! 
¡¡¡ En el momento de quedarse sin combustible llevaba en carrera -92.68 minutos !!! 
+++ El combustible del Seat Ateca tras la carrera es -93.8 +++ 
@@@ 
¡¡¡ Ogier DESCALIFICADO del campeonato por alcanzar el límite de abandonos(3) !!!
@@@ Piloto 3 de 6
<piloto:McRae> <tipo:PilotoEstrella> <dest:0.93> <conc:CONCENTRADO(110.0)> <descalificado:false> con <coche: Seat Tarraco> <tipo:CocheResistenteProyecto> <vel_teó: TORTUGA(200.0)> <comb: GENEROSO(460.0)(actual: 360.0)> <reserva: 100.0>
Con estas condiciones es capaz de correr a 102.2km/h
¡¡¡ McRae perdió la concentración a falta de 8.52 minutos para terminar !!! 
¡¡¡ En el momento del despiste llevaba en carrera 110.0 minutos !!! 
+++ El combustible del Seat Tarraco tras la carrera es 250.0 +++ 
@@@ 
@@@ Piloto 4 de 6
<piloto:Sainz> <tipo:PilotoEstrella> <dest:1.0> <conc:ZEN(120.0)> <descalificado:false> con <coche: Peugeot 3008> <tipo:CocheRapidoProyecto> <vel_teó: GUEPARDO(240.0)> <comb: NORMAL(440.0)(actual: 30.35)> <nitroPendiente: 0.0>
Con estas condiciones es capaz de correr a 131.87km/h
¡¡¡ El Peugeot 3008 se quedó sin combustible a falta de 61.5 minutos para terminar !!! 
¡¡¡ En el momento de quedarse sin combustible llevaba en carrera -60.58 minutos !!! 
+++ El combustible del Peugeot 3008 tras la carrera es -61.5 +++ 
@@@ 
@@@ Piloto 5 de 6
<piloto:Kankunnen> <tipo:PilotoExperimentado> <dest:0.9> <conc:CONCENTRADO(110.0)> <descalificado:false> con <coche: Peugeot 5008> <tipo:CocheResistenteProyecto> <vel_teó: LENTA(210.0)> <comb: GENEROSO(460.0)(actual: 355.17)> <reserva: 100.0>
Con estas condiciones es capaz de correr a 103.85km/h
¡¡¡ Kankunnen perdió la concentración a falta de 6.64 minutos para terminar !!! 
¡¡¡ En el momento del despiste llevaba en carrera 110.0 minutos !!! 
+++ El combustible del Peugeot 5008 tras la carrera es 245.17 +++ 
@@@ 
@@@ Piloto 6 de 6
<piloto:Makinen> <tipo:PilotoEstrella> <dest:1.0> <conc:ZEN(120.0)> <descalificado:false> con <coche: Citröen C5> <tipo:CocheResistenteProyecto> <vel_teó: RAPIDA(230.0)> <comb: ELEFANTE(480.0)(actual: 116.24)> <reserva: 100.0>
Con estas condiciones es capaz de correr a 126.37km/h
+++ Makinen termina la carrera en 95.85minutos +++ 
+++ El combustible del Citröen C5 tras la carrera es 20.39 +++ 
@@@ 
++++++++++++++++++++++++++++++++++++++++++++++++++++++++++++++++++++++++++++++++++++
+++++++++++++++++ Clasificación final de la carrera en Cerdeña+++++++++++++++++++
++++++++++++++++++++++++++++++++++++++++++++++++++++++++++++++++++++++++++++++++++++
@@@ Posición(1): Makinen Tiempo: 95.85 - Puntos: 10.0 @@@
¡¡¡ Ha abandonado Ogier Tiempo: -93.8 - Puntos: 0.0
 - Además ha sido descalificado para el resto del Campeonato !!!
¡¡¡ Ha abandonado Sainz Tiempo: -61.5 - Puntos: 0.0
 !!!
¡¡¡ Ha abandonado Auriol Tiempo: -22.89 - Puntos: 0.0
 !!!
¡¡¡ Ha abandonado McRae Tiempo: -8.52 - Puntos: 0.0
 !!!
¡¡¡ Ha abandonado Kankunnen Tiempo: -6.64 - Puntos: 0.0
 !!!
********************************************************************************************************
*** CARRERA<7> EN<circuito:Finlandia> <cond:CircuitoNocturnoProyecto CircuitoFrioProyecto CircuitoMojadoProyecto > <comp: ALTA(:1.5)(actual:2.28)> <dist: CORTA(:250.0)(actual:153.0)>***
********************************************************************************************************
********************************************************************************************************
******************************** Pilotos que van a competir en Finlandia*******************************
**********************************************************************************************************
¡¡¡ Kankunnen NO ES ENVIADO A LA CARRERA porque su escudería(Peugeot) no tiene más coches con combustible disponibles !!!
<piloto:Auriol> <tipo:PilotoNovato> <dest:0.78> <conc:NORMAL(100.0)> <descalificado:false>
<piloto:McRae> <tipo:PilotoEstrella> <dest:0.93> <conc:CONCENTRADO(110.0)> <descalificado:false>
<piloto:Sainz> <tipo:PilotoEstrella> <dest:1.0> <conc:ZEN(120.0)> <descalificado:false>
<piloto:Makinen> <tipo:PilotoEstrella> <dest:1.0> <conc:ZEN(120.0)> <descalificado:false>
++++++++++++++++++++++++++++++++++++++++++++++++++++++++++++++++++++++++++++++++++++
+++++++++++++++++++++++++ Comienza la carrera en Finlandia++++++++++++++++++++++++++
++++++++++++++++++++++++++++++++++++++++++++++++++++++++++++++++++++++++++++++++++++
@@@ Piloto 1 de 4
<piloto:Auriol> <tipo:PilotoNovato> <dest:0.78> <conc:NORMAL(100.0)> <descalificado:false> con <coche: Citröen C5> <tipo:CocheResistenteProyecto> <vel_teó: RAPIDA(230.0)> <comb: ELEFANTE(480.0)(actual: 20.39)> <reserva: 100.0>
Con estas condiciones es capaz de correr a 78.68km/h
+++ ElCitröen C5 tiene que recurrir al depósito de reserva para poder correr +++
¡¡¡ Auriol perdió la concentración a falta de 16.68 minutos para terminar !!! 
¡¡¡ En el momento del despiste llevaba en carrera 100.0 minutos !!! 
+++ El combustible del Citröen C5 tras la carrera es 20.39 +++ 
@@@ 
@@@ Piloto 2 de 4
<piloto:McRae> <tipo:PilotoEstrella> <dest:0.93> <conc:CONCENTRADO(110.0)> <descalificado:false> con <coche: Seat Tarraco> <tipo:CocheResistenteProyecto> <vel_teó: TORTUGA(200.0)> <comb: GENEROSO(460.0)(actual: 250.0)> <reserva: 100.0>
Con estas condiciones es capaz de correr a 81.58km/h
¡¡¡ McRae perdió la concentración a falta de 2.53 minutos para terminar !!! 
¡¡¡ En el momento del despiste llevaba en carrera 110.0 minutos !!! 
+++ El combustible del Seat Tarraco tras la carrera es 140.0 +++ 
@@@ 
¡¡¡ McRae DESCALIFICADO del campeonato por alcanzar el límite de abandonos(3) !!!
@@@ Piloto 3 de 4
<piloto:Sainz> <tipo:PilotoEstrella> <dest:1.0> <conc:ZEN(120.0)> <descalificado:false> con <coche: Peugeot 5008> <tipo:CocheResistenteProyecto> <vel_teó: LENTA(210.0)> <comb: GENEROSO(460.0)(actual: 245.17)> <reserva: 100.0>
Con estas condiciones es capaz de correr a 92.11km/h
+++ Sainz termina la carrera en 99.66minutos +++ 
+++ El combustible del Peugeot 5008 tras la carrera es 145.51 +++ 
@@@ 
@@@ Piloto 4 de 4
<piloto:Makinen> <tipo:PilotoEstrella> <dest:1.0> <conc:ZEN(120.0)> <descalificado:false> con <coche: Citröen C3> <tipo:CocheProyecto> <vel_teó: RAPIDA(230.0)> <comb: ESCASO(350.0)(actual: 64.4)>
Con estas condiciones es capaz de correr a 100.88km/h
¡¡¡ El Citröen C3 se quedó sin combustible a falta de 26.6 minutos para terminar !!! 
¡¡¡ En el momento de quedarse sin combustible llevaba en carrera -25.69 minutos !!! 
+++ El combustible del Citröen C3 tras la carrera es -26.6 +++ 
@@@ 
++++++++++++++++++++++++++++++++++++++++++++++++++++++++++++++++++++++++++++++++++++
+++++++++++++++++ Clasificación final de la carrera en Finlandia+++++++++++++++++++
++++++++++++++++++++++++++++++++++++++++++++++++++++++++++++++++++++++++++++++++++++
@@@ Posición(1): Sainz Tiempo: 99.66 - Puntos: 10.0 @@@
¡¡¡ Ha abandonado Makinen Tiempo: -26.6 - Puntos: 0.0
 !!!
¡¡¡ Ha abandonado Auriol Tiempo: -16.68 - Puntos: 0.0
 !!!
¡¡¡ Ha abandonado McRae Tiempo: -2.53 - Puntos: 0.0
 - Además ha sido descalificado para el resto del Campeonato !!!
****************************************************
**************** FIN DEL CAMPEONATO ****************
****************************************************
********** CLASIFICACIÓN FINAL DE PILOTOS **********
****************************************************
@@@ Posición(1): Makinen - Puntos totales: 52.0 @@@
Carrera(Australia) - Puntos:6.0 - Tiempo:78.06 minutos
Carrera(Chile) - Puntos:6.0 - Tiempo:97.89 minutos
Carrera(Alemania) - Puntos:10.0 - Tiempo:87.81 minutos
Carrera(Portugal) - Puntos:10.0 - Tiempo:85.6 minutos
Carrera(Córcega) - Puntos:10.0 - Tiempo:76.72 minutos
Carrera(Cerdeña) - Puntos:10.0 - Tiempo:95.85 minutos
Carrera(Finlandia) - Puntos:0.0 - Tiempo:-26.6 minutos

@@@ Posición(2): Kankunnen - Puntos totales: 30.0 @@@
Carrera(Australia) - Puntos:10.0 - Tiempo:69.27 minutos
Carrera(Alemania) - Puntos:8.0 - Tiempo:88.5 minutos
Carrera(Portugal) - Puntos:8.0 - Tiempo:91.15 minutos
Carrera(Córcega) - Puntos:4.0 - Tiempo:104.83 minutos
Carrera(Cerdeña) - Puntos:0.0 - Tiempo:-6.64 minutos

@@@ Posición(3): Sainz - Puntos totales: 28.0 @@@
Carrera(Chile) - Puntos:10.0 - Tiempo:78.18 minutos
Carrera(Portugal) - Puntos:0.0 - Tiempo:-9.49 minutos
Carrera(Córcega) - Puntos:8.0 - Tiempo:82.55 minutos
Carrera(Cerdeña) - Puntos:0.0 - Tiempo:-61.5 minutos
Carrera(Finlandia) - Puntos:10.0 - Tiempo:99.66 minutos

@@@ Posición(4): Auriol - Puntos totales: 0.0 @@@
Carrera(Cerdeña) - Puntos:0.0 - Tiempo:-22.89 minutos
Carrera(Finlandia) - Puntos:0.0 - Tiempo:-16.68 minutos

****************************************************
************** PILOTOS DESCALIFICADOS *************
****************************************************
--- Piloto Descalificado: McRae - Puntos Totales Anulados: 14.0 ---
Carrera(Chile) - Puntos:8.0 - Tiempo:84.06 minutos
Carrera(Portugal) - Puntos:0.0 - Tiempo:-12.04 minutos
Carrera(Córcega) - Puntos:6.0 - Tiempo:88.77 minutos
Carrera(Cerdeña) - Puntos:0.0 - Tiempo:-8.52 minutos
Carrera(Finlandia) - Puntos:0.0 - Tiempo:-2.53 minutos

--- Piloto Descalificado: Ogier - Puntos Totales Anulados: 12.0 ---
Carrera(Australia) - Puntos:8.0 - Tiempo:76.03 minutos
Carrera(Alemania) - Puntos:4.0 - Tiempo:92.92 minutos
Carrera(Portugal) - Puntos:0.0 - Tiempo:-0.04 minutos
Carrera(Córcega) - Puntos:0.0 - Tiempo:-20.81 minutos
Carrera(Cerdeña) - Puntos:0.0 - Tiempo:-93.8 minutos

--- Piloto Descalificado: Loeb - Puntos Totales Anulados: 10.0 ---
Carrera(Australia) - Puntos:4.0 - Tiempo:79.34 minutos
Carrera(Chile) - Puntos:0.0 - Tiempo:-19.38 minutos
Carrera(Alemania) - Puntos:6.0 - Tiempo:89.24 minutos
Carrera(Portugal) - Puntos:0.0 - Tiempo:-4.39 minutos
Carrera(Córcega) - Puntos:0.0 - Tiempo:-5.05 minutos

--- Piloto Descalificado: Sordo - Puntos Totales Anulados: 0.0 ---
Carrera(Australia) - Puntos:0.0 - Tiempo:-26.59 minutos
Carrera(Chile) - Puntos:0.0 - Tiempo:-56.2 minutos
Carrera(Alemania) - Puntos:0.0 - Tiempo:-41.15 minutos

--- Piloto Descalificado: Blomquist - Puntos Totales Anulados: 0.0 ---
Carrera(Australia) - Puntos:0.0 - Tiempo:-21.52 minutos
Carrera(Chile) - Puntos:0.0 - Tiempo:-49.84 minutos
Carrera(Alemania) - Puntos:0.0 - Tiempo:-35.44 minutos

****************************************************
******** CLASIFICACIÓN FINAL DE ESCUDERÍAS *********
****************************************************
@@@ Posición(1) Peugeot con 58.0 puntos @@@
%%%%%%%%%%%%%%%%%%%%%%%%%%%%%%%%%%%%%%%%%%%%%%%%%%%%%%%%%%%%%%%%%%%%%%%%%%%%%%%%%%%%%%%%%%%%%%%%%%%%%%%%%
%%% PEUGEOT %%%
<piloto:Sordo> <tipo:PilotoNovato> <dest:0.7> <conc:DESPISTADO(90.0)> <descalificado:true>
<piloto:Sainz> <tipo:PilotoEstrella> <dest:1.0> <conc:ZEN(120.0)> <descalificado:false>
<piloto:Kankunnen> <tipo:PilotoExperimentado> <dest:0.9> <conc:CONCENTRADO(110.0)> <descalificado:false>
<coche: Peugeot 3008> <tipo:CocheRapidoProyecto> <vel_teó: GUEPARDO(240.0)> <comb: NORMAL(440.0)(actual: -61.5)> <nitroPendiente: 0.0>
<coche: Peugeot 2008> <tipo:CocheProyecto> <vel_teó: NORMAL(220.0)> <comb: ESCASO(350.0)(actual: -9.49)>
<coche: Peugeot 5008> <tipo:CocheResistenteProyecto> <vel_teó: LENTA(210.0)> <comb: GENEROSO(460.0)(actual: 145.51)> <reserva: 100.0>

%%%%%%%%%%%%%%%%%%%%%%%%%%%%%%%%%%%%%%%%%%%%%%%%%%%%%%%%%%%%%%%%%%%%%%%%%%%%%%%%%%%%%%%%%%%%%%%%%%%%%%%%%
@@@ Posición(2) Citroen con 52.0 puntos @@@
%%%%%%%%%%%%%%%%%%%%%%%%%%%%%%%%%%%%%%%%%%%%%%%%%%%%%%%%%%%%%%%%%%%%%%%%%%%%%%%%%%%%%%%%%%%%%%%%%%%%%%%%%
%%% CITROEN %%%
<piloto:Makinen> <tipo:PilotoEstrella> <dest:1.0> <conc:ZEN(120.0)> <descalificado:false>
<piloto:Loeb> <tipo:PilotoExperimentado> <dest:0.82> <conc:NORMAL(100.0)> <descalificado:true>
<piloto:Auriol> <tipo:PilotoNovato> <dest:0.78> <conc:NORMAL(100.0)> <descalificado:false>
<coche: Citröen C5> <tipo:CocheResistenteProyecto> <vel_teó: RAPIDA(230.0)> <comb: ELEFANTE(480.0)(actual: 20.39)> <reserva: 0.0>
<coche: Citröen C4> <tipo:CocheRapidoProyecto> <vel_teó: RAPIDA(230.0)> <comb: ESCASO(350.0)(actual: 4.7)> <nitroPendiente: 0.0>
<coche: Citröen C3> <tipo:CocheProyecto> <vel_teó: RAPIDA(230.0)> <comb: ESCASO(350.0)(actual: -26.6)>

%%%%%%%%%%%%%%%%%%%%%%%%%%%%%%%%%%%%%%%%%%%%%%%%%%%%%%%%%%%%%%%%%%%%%%%%%%%%%%%%%%%%%%%%%%%%%%%%%%%%%%%%%
****************************************************
************ ESCUDERIAS DESCALIFICADAS *************
****************************************************
¡¡¡ Escudería Descalificada: Seat con 0.0 puntos !!!
%%%%%%%%%%%%%%%%%%%%%%%%%%%%%%%%%%%%%%%%%%%%%%%%%%%%%%%%%%%%%%%%%%%%%%%%%%%%%%%%%%%%%%%%%%%%%%%%%%%%%%%%%
%%% SEAT %%%
<piloto:Blomquist> <tipo:PilotoNovato> <dest:0.7> <conc:DESPISTADO(90.0)> <descalificado:true>
<piloto:Ogier> <tipo:PilotoExperimentado> <dest:0.82> <conc:NORMAL(100.0)> <descalificado:true>
<piloto:McRae> <tipo:PilotoEstrella> <dest:0.93> <conc:CONCENTRADO(110.0)> <descalificado:true>
<coche: Seat Ateca> <tipo:CocheRapidoProyecto> <vel_teó: GUEPARDO(240.0)> <comb: GENEROSO(460.0)(actual: -93.8)> <nitroPendiente: 0.0>
<coche: Seat Arona> <tipo:CocheProyecto> <vel_teó: RAPIDA(230.0)> <comb: ESCASO(350.0)(actual: -12.04)>
<coche: Seat Tarraco> <tipo:CocheResistenteProyecto> <vel_teó: TORTUGA(200.0)> <comb: GENEROSO(460.0)(actual: 140.0)> <reserva: 100.0>

%%%%%%%%%%%%%%%%%%%%%%%%%%%%%%%%%%%%%%%%%%%%%%%%%%%%%%%%%%%%%%%%%%%%%%%%%%%%%%%%%%%%%%%%%%%%%%%%%%%%%%%%%
